[05/May/2026 10:57:29] "GET / HTTP/1.1" 200 391
[05/May/2026 10:57:29,167] - Broken pipe from ('127.0.0.1', 58308)
[05/May/2026 11:10:16] "GET / HTTP/1.1" 200 391
[05/May/2026 11:10:17] "GET /assets/index-CbgnPRcV.css HTTP/1.1" 200 52074
[05/May/2026 11:10:18] "GET /assets/index-DaylFstR.js HTTP/1.1" 200 1110672
[05/May/2026 11:10:18] "GET /assets/1024px-Cisco_logo.svg-BnXGthTc.png HTTP/1.1" 200 30870
[05/May/2026 11:10:18] "GET /assets/20220920115933Logo_AUF-Czoq2l5O.png HTTP/1.1" 200 41610
[05/May/2026 11:10:18] "GET /static/emsp/images/home-artci-itu.jpg HTTP/1.1" 404 179
[05/May/2026 11:10:18] "GET /static/emsp/images/home-iac-classroom.jpg HTTP/1.1" 404 179
[05/May/2026 11:10:18] "GET /static/emsp/images/home-tech-forum.jpg HTTP/1.1" 404 179
[05/May/2026 11:10:18] "GET /static/emsp/images/home-classroom-yellow.jpg HTTP/1.1" 404 179
[05/May/2026 11:10:18] "GET /assets/AIGF-D0DDqi4B.png HTTP/1.1" 200 13547
[05/May/2026 11:10:18] "GET /assets/ARTCI-CWwlMQNy.png HTTP/1.1" 200 25910
[05/May/2026 11:10:18] "GET /assets/ARCEP-BZ8wR7aM.jpg HTTP/1.1" 200 16303
[05/May/2026 11:10:18] "GET /assets/ANSUT-CaejNudp.png HTTP/1.1" 200 19491
[05/May/2026 11:10:18] "GET /favicon.ico HTTP/1.1" 200 391
[05/May/2026 11:10:18] "GET /api/media/?category=drapeaux&type=image HTTP/1.1" 200 2
[05/May/2026 11:10:18] "GET /api/media/?category=partenaires&type=image HTTP/1.1" 200 2
[05/May/2026 11:10:18] "GET /api/media/?category=hero&type=image HTTP/1.1" 200 2
[05/May/2026 11:10:18] "GET /api/formations/?limit=8 HTTP/1.1" 200 3120
[05/May/2026 11:10:18] "GET /api/config/ HTTP/1.1" 200 984
[05/May/2026 11:10:18] "GET /api/actualites/?limit=3 HTTP/1.1" 200 912
[05/May/2026 11:10:19] "GET /static/emsp/images/logo-emsp.svg HTTP/1.1" 404 179
[05/May/2026 11:10:23] "GET /assets/ASFL_SVBL_wuerfel_picto-CLzcXTtZ.png HTTP/1.1" 200 29651
[05/May/2026 11:10:23] "GET /assets/LOGO_2iE_AFRIQUE-CdqRzdbD.jpg HTTP/1.1" 200 15314
[05/May/2026 11:10:23] "GET /assets/Logo_-_La_Poste_de_Cote_dIvoire-BXVjOzIj.png HTTP/1.1" 200 24585
[05/May/2026 11:10:23] "GET /assets/esmt(ecole_superieur_multinational_de_telecomunication)-CIjTJ8nn.png HTTP/1.1" 200 22255
[05/May/2026 11:10:23] "GET /assets/La-Poste-Logo-1984-2005-CzMlUGdW.jpg HTTP/1.1" 200 48749
[05/May/2026 11:10:23] "GET /assets/gitic-fiNf-oE8.png HTTP/1.1" 200 108773
[05/May/2026 11:10:33] "GET /login HTTP/1.1" 200 391
[05/May/2026 11:10:33] "GET /assets/index-CbgnPRcV.css HTTP/1.1" 200 52074
[05/May/2026 11:10:33] "GET /assets/index-DaylFstR.js HTTP/1.1" 200 1110672
[05/May/2026 11:10:33] "GET /maxton/login1.png HTTP/1.1" 200 391
[05/May/2026 11:10:33] "GET /api/config/ HTTP/1.1" 200 984
[05/May/2026 11:10:33] "GET /favicon.ico HTTP/1.1" 200 391
[05/May/2026 11:10:33] "GET /static/emsp/images/logo-emsp.svg HTTP/1.1" 404 179
[05/May/2026 11:11:06] "OPTIONS /api/auth/login/ HTTP/1.1" 200 0
C:\Users\DEPS\emsp1\.venv313\Lib\site-packages\jwt\api_jwt.py:147: InsecureKeyLengthWarning: The HMAC key is 25 bytes long, which is below the minimum recommended length of 32 bytes for SHA256. See RFC 7518 Section 3.2.
  return self._jws.encode(
[05/May/2026 11:11:11] "POST /api/auth/login/ HTTP/1.1" 200 606
[05/May/2026 11:11:11] "GET /favicon.ico HTTP/1.1" 200 391
[05/May/2026 11:11:11] "GET /assets/AdminDashboardPage-y7ltZgK6.js HTTP/1.1" 200 6989
[05/May/2026 11:11:11] "GET /assets/AdminPageHeader-E0YBpTp0.js HTTP/1.1" 200 609
[05/May/2026 11:11:11] "GET /assets/useAdminDashboard-BONZHelp.js HTTP/1.1" 200 3015
[05/May/2026 11:11:11] "OPTIONS /api/scolarite/dashboard/ HTTP/1.1" 200 0
[05/May/2026 11:11:11] "OPTIONS /api/comptabilite/summary/ HTTP/1.1" 200 0
C:\Users\DEPS\emsp1\.venv313\Lib\site-packages\jwt\api_jwt.py:365: InsecureKeyLengthWarning: The HMAC key is 25 bytes long, which is below the minimum recommended length of 32 bytes for SHA256. See RFC 7518 Section 3.2.
  decoded = self.decode_complete(
[05/May/2026 11:11:11] "GET /api/scolarite/dashboard/ HTTP/1.1" 200 1363
[05/May/2026 11:11:11] "GET /api/comptabilite/summary/ HTTP/1.1" 200 368
[05/May/2026 11:11:11] "GET /static/emsp/images/logo-emsp.svg HTTP/1.1" 404 179
[05/May/2026 11:11:20] "GET /favicon.ico HTTP/1.1" 200 391
[05/May/2026 11:11:20] "GET /assets/AdminMetricCard-DUI7b6Mw.js HTTP/1.1" 200 569
[05/May/2026 11:11:20] "GET /assets/save-BjogRpwX.js HTTP/1.1" 200 496
[05/May/2026 11:11:20] "GET /assets/AdminStudentsPage-57RAGUry.js HTTP/1.1" 200 24657
[05/May/2026 11:11:20] "OPTIONS /api/scolarite/admin/etudiants/ HTTP/1.1" 200 0
[05/May/2026 11:11:20] "OPTIONS /api/scolarite/admin/etudiants/options/ HTTP/1.1" 200 0
[05/May/2026 11:11:20] "GET /api/scolarite/admin/etudiants/options/ HTTP/1.1" 200 1160
[05/May/2026 11:11:20] "GET /api/scolarite/admin/etudiants/ HTTP/1.1" 200 12389
[05/May/2026 11:11:34] "GET /favicon.ico HTTP/1.1" 200 391
[05/May/2026 11:11:34] "GET /assets/AdminAcademicPage-BxbP1Wui.js HTTP/1.1" 200 8902
[05/May/2026 11:11:34] "OPTIONS /api/scolarite/admin/scolarite/ HTTP/1.1" 200 0
[05/May/2026 11:11:34] "GET /api/scolarite/admin/scolarite/ HTTP/1.1" 200 302
[05/May/2026 11:11:39] "GET /favicon.ico HTTP/1.1" 200 391
[05/May/2026 11:11:39] "GET /assets/AdminAccountingPage-DCMEJM3D.js HTTP/1.1" 200 6644
[05/May/2026 11:11:39] "OPTIONS /api/comptabilite/admin/paiements/ HTTP/1.1" 200 0
[05/May/2026 11:11:39] "GET /api/comptabilite/admin/paiements/ HTTP/1.1" 200 1740
[05/May/2026 11:11:45] "GET /favicon.ico HTTP/1.1" 200 391
[05/May/2026 11:11:45] "GET /assets/AdminApplicationsPage-DHqRY-Hi.js HTTP/1.1" 200 12503
[05/May/2026 11:11:45] "OPTIONS /api/inscriptions/admin/candidatures/ HTTP/1.1" 200 0
[05/May/2026 11:11:45] "GET /api/inscriptions/admin/candidatures/ HTTP/1.1" 200 561
[05/May/2026 11:11:45] "OPTIONS /api/inscriptions/admin/candidatures/1/ HTTP/1.1" 200 0
[05/May/2026 11:11:45] "GET /api/inscriptions/admin/candidatures/1/ HTTP/1.1" 200 1325
[05/May/2026 11:11:50] "GET /favicon.ico HTTP/1.1" 200 391
[05/May/2026 11:11:50] "GET /assets/AdminTeachersPage-CqcXd5oQ.js HTTP/1.1" 200 6530
[05/May/2026 11:11:54] "GET /favicon.ico HTTP/1.1" 200 391
[05/May/2026 11:11:54] "GET /assets/AdminStatisticsPage-CJ2r9dsA.js HTTP/1.1" 200 6248
[05/May/2026 11:12:02] "GET /favicon.ico HTTP/1.1" 200 391
[05/May/2026 11:12:02] "GET /assets/AdminMediaLibraryPage-B0DpdlX0.js HTTP/1.1" 200 13504
[05/May/2026 11:12:02] "OPTIONS /api/media/admin/ HTTP/1.1" 200 0
[05/May/2026 11:12:02] "GET /api/media/admin/ HTTP/1.1" 200 395
[05/May/2026 11:12:02] "GET /media/media/2026/04/IMG-20250705-WA0069_J4rw2zc.jpg HTTP/1.1" 404 179
[05/May/2026 11:12:08] "GET /favicon.ico HTTP/1.1" 200 391
[05/May/2026 11:12:08] "GET /assets/AdminNewsPage-CQxZva_v.js HTTP/1.1" 200 4974
[05/May/2026 11:12:08] "OPTIONS /api/actualites/admin/ HTTP/1.1" 200 0
[05/May/2026 11:12:08] "GET /api/actualites/admin/ HTTP/1.1" 200 1020
[05/May/2026 11:12:11] "GET /favicon.ico HTTP/1.1" 200 391
[05/May/2026 11:12:11] "GET /assets/AdminSettingsPage-BcrAD7lo.js HTTP/1.1" 200 12785
[05/May/2026 11:12:11] "GET /static/emsp/images/logo-emsp.svg HTTP/1.1" 404 179
[05/May/2026 11:12:32] "GET /favicon.ico HTTP/1.1" 200 391
[05/May/2026 11:12:32] "GET /api/scolarite/dashboard/ HTTP/1.1" 200 1363
[05/May/2026 11:12:32] "GET /api/comptabilite/summary/ HTTP/1.1" 200 368
[05/May/2026 11:12:34] "GET /static/emsp/images/home-iac-classroom.jpg HTTP/1.1" 404 179
[05/May/2026 11:12:34] "GET /static/emsp/images/home-classroom-yellow.jpg HTTP/1.1" 404 179
[05/May/2026 11:12:34] "GET /static/emsp/images/home-tech-forum.jpg HTTP/1.1" 404 179
[05/May/2026 11:12:34] "OPTIONS /api/formations/?limit=8 HTTP/1.1" 200 0
[05/May/2026 11:12:34] "OPTIONS /api/media/?category=drapeaux&type=image HTTP/1.1" 200 0
[05/May/2026 11:12:34] "OPTIONS /api/media/?category=hero&type=image HTTP/1.1" 200 0
[05/May/2026 11:12:34] "OPTIONS /api/media/?category=partenaires&type=image HTTP/1.1" 200 0
[05/May/2026 11:12:34] "OPTIONS /api/actualites/?limit=3 HTTP/1.1" 200 0
[05/May/2026 11:12:34] "GET /static/emsp/images/logo-emsp.svg HTTP/1.1" 404 179
[05/May/2026 11:12:34] "GET /static/emsp/images/home-artci-itu.jpg HTTP/1.1" 404 179
[05/May/2026 11:12:34] "GET /assets/20220920115933Logo_AUF-Czoq2l5O.png HTTP/1.1" 200 41610
[05/May/2026 11:12:34] "GET /assets/1024px-Cisco_logo.svg-BnXGthTc.png HTTP/1.1" 200 30870
[05/May/2026 11:12:34] "GET /favicon.ico HTTP/1.1" 200 391
[05/May/2026 11:12:34] "GET /api/media/?category=partenaires&type=image HTTP/1.1" 200 2
[05/May/2026 11:12:34] "GET /api/formations/?limit=8 HTTP/1.1" 200 3120
[05/May/2026 11:12:34] "GET /api/media/?category=drapeaux&type=image HTTP/1.1" 200 2
[05/May/2026 11:12:34] "GET /api/media/?category=hero&type=image HTTP/1.1" 200 2
[05/May/2026 11:12:34] "GET /api/actualites/?limit=3 HTTP/1.1" 200 912
[05/May/2026 11:12:34] "GET /assets/AIGF-D0DDqi4B.png HTTP/1.1" 200 13547
[05/May/2026 11:12:34] "GET /assets/ANSUT-CaejNudp.png HTTP/1.1" 200 19491
[05/May/2026 11:12:34] "GET /assets/ARCEP-BZ8wR7aM.jpg HTTP/1.1" 200 16303
[05/May/2026 11:12:34] "GET /assets/ARTCI-CWwlMQNy.png HTTP/1.1" 200 25910
[05/May/2026 11:12:39] "GET /assets/Logo_-_La_Poste_de_Cote_dIvoire-BXVjOzIj.png HTTP/1.1" 200 24585
[05/May/2026 11:12:39] "GET /assets/ASFL_SVBL_wuerfel_picto-CLzcXTtZ.png HTTP/1.1" 200 29651
[05/May/2026 11:12:39] "GET /assets/esmt(ecole_superieur_multinational_de_telecomunication)-CIjTJ8nn.png HTTP/1.1" 200 22255
[05/May/2026 11:12:39] "GET /assets/LOGO_2iE_AFRIQUE-CdqRzdbD.jpg HTTP/1.1" 200 15314
[05/May/2026 11:12:39] "GET /assets/La-Poste-Logo-1984-2005-CzMlUGdW.jpg HTTP/1.1" 200 48749
[05/May/2026 11:12:39] "GET /assets/gitic-fiNf-oE8.png HTTP/1.1" 200 108773
[05/May/2026 11:12:44] "GET /assets/logo_esatic1-CC9NDEzq.png HTTP/1.1" 200 18679
[05/May/2026 11:12:44] "GET /assets/Logo_La_Poste_Suisse.svg-DOqvrarx.png HTTP/1.1" 200 29720
[05/May/2026 11:12:44] "GET /assets/logo-cesag-889oP0c2.jpg HTTP/1.1" 200 25172
[05/May/2026 11:12:44] "GET /assets/logo-cepeao-1-BNHSAMrd.png HTTP/1.1" 200 27054
[05/May/2026 11:12:44] "GET /assets/SNDI(societe_nationale_de_developpement_informatique)-3_xHzB7a.png HTTP/1.1" 200 58419
[05/May/2026 11:12:44] "GET /assets/logo-jighi-Ddtuab2A.png HTTP/1.1" 200 113584
[05/May/2026 11:14:24] "GET /api/actualites/?limit=3 HTTP/1.1" 200 912
[05/May/2026 11:14:24] "GET /api/formations/?limit=8 HTTP/1.1" 200 3120
[05/May/2026 11:14:24] "GET /assets/ANSUT-CaejNudp.png HTTP/1.1" 200 19491
[05/May/2026 11:14:24] "GET /assets/AIGF-D0DDqi4B.png HTTP/1.1" 200 13547
[05/May/2026 11:14:24] "GET /assets/1024px-Cisco_logo.svg-BnXGthTc.png HTTP/1.1" 200 30870
[05/May/2026 11:14:24] "GET /assets/ARCEP-BZ8wR7aM.jpg HTTP/1.1" 200 16303
[05/May/2026 11:14:24] "GET /assets/ARTCI-CWwlMQNy.png HTTP/1.1" 200 25910
[05/May/2026 11:14:24] "GET /assets/20220920115933Logo_AUF-Czoq2l5O.png HTTP/1.1" 200 41610
[05/May/2026 11:22:00] "OPTIONS /api/config/ HTTP/1.1" 200 0
[05/May/2026 11:22:00] "GET /api/media/?category=hero&type=image HTTP/1.1" 200 2
[05/May/2026 11:22:00] "GET /api/media/?category=partenaires&type=image HTTP/1.1" 200 2
[05/May/2026 11:22:00] "GET /api/media/?category=drapeaux&type=image HTTP/1.1" 200 2
[05/May/2026 11:22:00] "GET /api/config/ HTTP/1.1" 200 984
[05/May/2026 11:22:00] "GET /api/formations/?limit=8 HTTP/1.1" 200 3120
[05/May/2026 11:22:00] "GET /api/actualites/?limit=3 HTTP/1.1" 200 912
[05/May/2026 11:22:00] "GET /assets/logo_esatic1-CC9NDEzq.png HTTP/1.1" 200 18679
[05/May/2026 11:22:00] "GET /assets/Logo_La_Poste_Suisse.svg-DOqvrarx.png HTTP/1.1" 200 29720
[05/May/2026 11:22:00] "GET /assets/logo-cesag-889oP0c2.jpg HTTP/1.1" 200 25172
[05/May/2026 11:22:00] "GET /assets/logo-cepeao-1-BNHSAMrd.png HTTP/1.1" 200 27054
[05/May/2026 11:22:00] "GET /assets/SNDI(societe_nationale_de_developpement_informatique)-3_xHzB7a.png HTTP/1.1" 200 58419
[05/May/2026 11:22:00] "GET /assets/logo-jighi-Ddtuab2A.png HTTP/1.1" 200 113584
[05/May/2026 11:22:00] "GET /assets/telecom-paris-logo-vector-vjpr9XDV.png HTTP/1.1" 200 7313
[05/May/2026 11:22:00] "GET /assets/UPU-UQsWbq4o.png HTTP/1.1" 200 5782
[05/May/2026 11:22:00] "GET /assets/yellow%20relay-BnSjznq5.jpg HTTP/1.1" 200 10359
[05/May/2026 11:22:26] "GET /api/formations/?limit=8 HTTP/1.1" 200 3120
[05/May/2026 11:22:26] "GET /api/actualites/?limit=3 HTTP/1.1" 200 912
[05/May/2026 11:22:27] "GET /assets/AIGF-D0DDqi4B.png HTTP/1.1" 200 13547
[05/May/2026 11:22:27] "GET /assets/ARCEP-BZ8wR7aM.jpg HTTP/1.1" 200 16303
[05/May/2026 11:22:27] "GET /assets/ANSUT-CaejNudp.png HTTP/1.1" 200 19491
[05/May/2026 11:22:27] "GET /assets/ARTCI-CWwlMQNy.png HTTP/1.1" 200 25910
[05/May/2026 11:22:27] "GET /assets/20220920115933Logo_AUF-Czoq2l5O.png HTTP/1.1" 200 41610
[05/May/2026 11:22:27] "GET /assets/1024px-Cisco_logo.svg-BnXGthTc.png HTTP/1.1" 200 30870
[05/May/2026 11:22:29] "GET /assets/LOGO_2iE_AFRIQUE-CdqRzdbD.jpg HTTP/1.1" 200 15314
[05/May/2026 11:22:29] "GET /assets/Logo_-_La_Poste_de_Cote_dIvoire-BXVjOzIj.png HTTP/1.1" 200 24585
[05/May/2026 11:22:29] "GET /assets/esmt(ecole_superieur_multinational_de_telecomunication)-CIjTJ8nn.png HTTP/1.1" 200 22255
[05/May/2026 11:22:29] "GET /assets/ASFL_SVBL_wuerfel_picto-CLzcXTtZ.png HTTP/1.1" 200 29651
[05/May/2026 11:22:29] "GET /assets/La-Poste-Logo-1984-2005-CzMlUGdW.jpg HTTP/1.1" 200 48749
[05/May/2026 11:22:29] "GET /assets/gitic-fiNf-oE8.png HTTP/1.1" 200 108773
Exception in thread django-main-thread:
Traceback (most recent call last):
  File "C:\Users\DEPS\emsp1\.venv313\Lib\site-packages\pymysql\connections.py", line 661, in connect
    sock = socket.create_connection(
        (self.host, self.port), self.connect_timeout, **kwargs
    )
  File "C:\Users\DEPS\AppData\Local\Programs\Python\Python313\Lib\socket.py", line 864, in create_connection
    raise exceptions[0]
  File "C:\Users\DEPS\AppData\Local\Programs\Python\Python313\Lib\socket.py", line 849, in create_connection
    sock.connect(sa)
    ~~~~~~~~~~~~^^^^
ConnectionRefusedError: [WinError 10061] Aucune connexion n’a pu ętre établie car l’ordinateur cible l’a expressément refusée

During handling of the above exception, another exception occurred:

Traceback (most recent call last):
  File "C:\Users\DEPS\emsp1\.venv313\Lib\site-packages\django\db\backends\base\base.py", line 288, in ensure_connection
    self.connect()
    ~~~~~~~~~~~~^^
  File "C:\Users\DEPS\emsp1\.venv313\Lib\site-packages\django\utils\asyncio.py", line 26, in inner
    return func(*args, **kwargs)
  File "C:\Users\DEPS\emsp1\.venv313\Lib\site-packages\django\db\backends\base\base.py", line 269, in connect
    self.connection = self.get_new_connection(conn_params)
                      ~~~~~~~~~~~~~~~~~~~~~~~^^^^^^^^^^^^^
  File "C:\Users\DEPS\emsp1\.venv313\Lib\site-packages\django\utils\asyncio.py", line 26, in inner
    return func(*args, **kwargs)
  File "C:\Users\DEPS\emsp1\.venv313\Lib\site-packages\django\db\backends\mysql\base.py", line 247, in get_new_connection
    connection = Database.connect(**conn_params)
  File "C:\Users\DEPS\emsp1\.venv313\Lib\site-packages\pymysql\connections.py", line 365, in __init__
    self.connect()
    ~~~~~~~~~~~~^^
  File "C:\Users\DEPS\emsp1\.venv313\Lib\site-packages\pymysql\connections.py", line 723, in connect
    raise exc
pymysql.err.OperationalError: (2003, "Can't connect to MySQL server on '127.0.0.1' ([WinError 10061] Aucune connexion n’a pu ętre établie car l’ordinateur cible l’a expressément refusée)")

The above exception was the direct cause of the following exception:

Traceback (most recent call last):
  File "C:\Users\DEPS\AppData\Local\Programs\Python\Python313\Lib\threading.py", line 1044, in _bootstrap_inner
    self.run()
    ~~~~~~~~^^
  File "C:\Users\DEPS\AppData\Local\Programs\Python\Python313\Lib\threading.py", line 995, in run
    self._target(*self._args, **self._kwargs)
    ~~~~~~~~~~~~^^^^^^^^^^^^^^^^^^^^^^^^^^^^^
  File "C:\Users\DEPS\emsp1\.venv313\Lib\site-packages\django\utils\autoreload.py", line 64, in wrapper
    fn(*args, **kwargs)
    ~~^^^^^^^^^^^^^^^^^
  File "C:\Users\DEPS\emsp1\.venv313\Lib\site-packages\django\core\management\commands\runserver.py", line 136, in inner_run
    self.check_migrations()
    ~~~~~~~~~~~~~~~~~~~~~^^
  File "C:\Users\DEPS\emsp1\.venv313\Lib\site-packages\django\core\management\base.py", line 574, in check_migrations
    executor = MigrationExecutor(connections[DEFAULT_DB_ALIAS])
  File "C:\Users\DEPS\emsp1\.venv313\Lib\site-packages\django\db\migrations\executor.py", line 18, in __init__
    self.loader = MigrationLoader(self.connection)
                  ~~~~~~~~~~~~~~~^^^^^^^^^^^^^^^^^
  File "C:\Users\DEPS\emsp1\.venv313\Lib\site-packages\django\db\migrations\loader.py", line 58, in __init__
    self.build_graph()
    ~~~~~~~~~~~~~~~~^^
  File "C:\Users\DEPS\emsp1\.venv313\Lib\site-packages\django\db\migrations\loader.py", line 235, in build_graph
    self.applied_migrations = recorder.applied_migrations()
                              ~~~~~~~~~~~~~~~~~~~~~~~~~~~^^
  File "C:\Users\DEPS\emsp1\.venv313\Lib\site-packages\django\db\migrations\recorder.py", line 81, in applied_migrations
    if self.has_table():
       ~~~~~~~~~~~~~~^^
  File "C:\Users\DEPS\emsp1\.venv313\Lib\site-packages\django\db\migrations\recorder.py", line 57, in has_table
    with self.connection.cursor() as cursor:
         ~~~~~~~~~~~~~~~~~~~~~~^^
  File "C:\Users\DEPS\emsp1\.venv313\Lib\site-packages\django\utils\asyncio.py", line 26, in inner
    return func(*args, **kwargs)
  File "C:\Users\DEPS\emsp1\.venv313\Lib\site-packages\django\db\backends\base\base.py", line 329, in cursor
    return self._cursor()
           ~~~~~~~~~~~~^^
  File "C:\Users\DEPS\emsp1\.venv313\Lib\site-packages\django\db\backends\base\base.py", line 305, in _cursor
    self.ensure_connection()
    ~~~~~~~~~~~~~~~~~~~~~~^^
  File "C:\Users\DEPS\emsp1\.venv313\Lib\site-packages\django\utils\asyncio.py", line 26, in inner
    return func(*args, **kwargs)
  File "C:\Users\DEPS\emsp1\.venv313\Lib\site-packages\django\db\backends\base\base.py", line 287, in ensure_connection
    with self.wrap_database_errors:
         ^^^^^^^^^^^^^^^^^^^^^^^^^
  File "C:\Users\DEPS\emsp1\.venv313\Lib\site-packages\django\db\utils.py", line 91, in __exit__
    raise dj_exc_value.with_traceback(traceback) from exc_value
  File "C:\Users\DEPS\emsp1\.venv313\Lib\site-packages\django\db\backends\base\base.py", line 288, in ensure_connection
    self.connect()
    ~~~~~~~~~~~~^^
  File "C:\Users\DEPS\emsp1\.venv313\Lib\site-packages\django\utils\asyncio.py", line 26, in inner
    return func(*args, **kwargs)
  File "C:\Users\DEPS\emsp1\.venv313\Lib\site-packages\django\db\backends\base\base.py", line 269, in connect
    self.connection = self.get_new_connection(conn_params)
                      ~~~~~~~~~~~~~~~~~~~~~~~^^^^^^^^^^^^^
  File "C:\Users\DEPS\emsp1\.venv313\Lib\site-packages\django\utils\asyncio.py", line 26, in inner
    return func(*args, **kwargs)
  File "C:\Users\DEPS\emsp1\.venv313\Lib\site-packages\django\db\backends\mysql\base.py", line 247, in get_new_connection
    connection = Database.connect(**conn_params)
  File "C:\Users\DEPS\emsp1\.venv313\Lib\site-packages\pymysql\connections.py", line 365, in __init__
    self.connect()
    ~~~~~~~~~~~~^^
  File "C:\Users\DEPS\emsp1\.venv313\Lib\site-packages\pymysql\connections.py", line 723, in connect
    raise exc
django.db.utils.OperationalError: (2003, "Can't connect to MySQL server on '127.0.0.1' ([WinError 10061] Aucune connexion n’a pu ętre établie car l’ordinateur cible l’a expressément refusée)")
Exception in thread django-main-thread:
Traceback (most recent call last):
  File "C:\Users\DEPS\emsp1\.venv313\Lib\site-packages\pymysql\connections.py", line 661, in connect
    sock = socket.create_connection(
        (self.host, self.port), self.connect_timeout, **kwargs
    )
  File "C:\Users\DEPS\AppData\Local\Programs\Python\Python313\Lib\socket.py", line 864, in create_connection
    raise exceptions[0]
  File "C:\Users\DEPS\AppData\Local\Programs\Python\Python313\Lib\socket.py", line 849, in create_connection
    sock.connect(sa)
    ~~~~~~~~~~~~^^^^
ConnectionRefusedError: [WinError 10061] Aucune connexion n’a pu ętre établie car l’ordinateur cible l’a expressément refusée

During handling of the above exception, another exception occurred:

Traceback (most recent call last):
  File "C:\Users\DEPS\emsp1\.venv313\Lib\site-packages\django\db\backends\base\base.py", line 288, in ensure_connection
    self.connect()
    ~~~~~~~~~~~~^^
  File "C:\Users\DEPS\emsp1\.venv313\Lib\site-packages\django\utils\asyncio.py", line 26, in inner
    return func(*args, **kwargs)
  File "C:\Users\DEPS\emsp1\.venv313\Lib\site-packages\django\db\backends\base\base.py", line 269, in connect
    self.connection = self.get_new_connection(conn_params)
                      ~~~~~~~~~~~~~~~~~~~~~~~^^^^^^^^^^^^^
  File "C:\Users\DEPS\emsp1\.venv313\Lib\site-packages\django\utils\asyncio.py", line 26, in inner
    return func(*args, **kwargs)
  File "C:\Users\DEPS\emsp1\.venv313\Lib\site-packages\django\db\backends\mysql\base.py", line 247, in get_new_connection
    connection = Database.connect(**conn_params)
  File "C:\Users\DEPS\emsp1\.venv313\Lib\site-packages\pymysql\connections.py", line 365, in __init__
    self.connect()
    ~~~~~~~~~~~~^^
  File "C:\Users\DEPS\emsp1\.venv313\Lib\site-packages\pymysql\connections.py", line 723, in connect
    raise exc
pymysql.err.OperationalError: (2003, "Can't connect to MySQL server on '127.0.0.1' ([WinError 10061] Aucune connexion n’a pu ętre établie car l’ordinateur cible l’a expressément refusée)")

The above exception was the direct cause of the following exception:

Traceback (most recent call last):
  File "C:\Users\DEPS\AppData\Local\Programs\Python\Python313\Lib\threading.py", line 1044, in _bootstrap_inner
    self.run()
    ~~~~~~~~^^
  File "C:\Users\DEPS\AppData\Local\Programs\Python\Python313\Lib\threading.py", line 995, in run
    self._target(*self._args, **self._kwargs)
    ~~~~~~~~~~~~^^^^^^^^^^^^^^^^^^^^^^^^^^^^^
  File "C:\Users\DEPS\emsp1\.venv313\Lib\site-packages\django\utils\autoreload.py", line 64, in wrapper
    fn(*args, **kwargs)
    ~~^^^^^^^^^^^^^^^^^
  File "C:\Users\DEPS\emsp1\.venv313\Lib\site-packages\django\core\management\commands\runserver.py", line 136, in inner_run
    self.check_migrations()
    ~~~~~~~~~~~~~~~~~~~~~^^
  File "C:\Users\DEPS\emsp1\.venv313\Lib\site-packages\django\core\management\base.py", line 574, in check_migrations
    executor = MigrationExecutor(connections[DEFAULT_DB_ALIAS])
  File "C:\Users\DEPS\emsp1\.venv313\Lib\site-packages\django\db\migrations\executor.py", line 18, in __init__
    self.loader = MigrationLoader(self.connection)
                  ~~~~~~~~~~~~~~~^^^^^^^^^^^^^^^^^
  File "C:\Users\DEPS\emsp1\.venv313\Lib\site-packages\django\db\migrations\loader.py", line 58, in __init__
    self.build_graph()
    ~~~~~~~~~~~~~~~~^^
  File "C:\Users\DEPS\emsp1\.venv313\Lib\site-packages\django\db\migrations\loader.py", line 235, in build_graph
    self.applied_migrations = recorder.applied_migrations()
                              ~~~~~~~~~~~~~~~~~~~~~~~~~~~^^
  File "C:\Users\DEPS\emsp1\.venv313\Lib\site-packages\django\db\migrations\recorder.py", line 81, in applied_migrations
    if self.has_table():
       ~~~~~~~~~~~~~~^^
  File "C:\Users\DEPS\emsp1\.venv313\Lib\site-packages\django\db\migrations\recorder.py", line 57, in has_table
    with self.connection.cursor() as cursor:
         ~~~~~~~~~~~~~~~~~~~~~~^^
  File "C:\Users\DEPS\emsp1\.venv313\Lib\site-packages\django\utils\asyncio.py", line 26, in inner
    return func(*args, **kwargs)
  File "C:\Users\DEPS\emsp1\.venv313\Lib\site-packages\django\db\backends\base\base.py", line 329, in cursor
    return self._cursor()
           ~~~~~~~~~~~~^^
  File "C:\Users\DEPS\emsp1\.venv313\Lib\site-packages\django\db\backends\base\base.py", line 305, in _cursor
    self.ensure_connection()
    ~~~~~~~~~~~~~~~~~~~~~~^^
  File "C:\Users\DEPS\emsp1\.venv313\Lib\site-packages\django\utils\asyncio.py", line 26, in inner
    return func(*args, **kwargs)
  File "C:\Users\DEPS\emsp1\.venv313\Lib\site-packages\django\db\backends\base\base.py", line 287, in ensure_connection
    with self.wrap_database_errors:
         ^^^^^^^^^^^^^^^^^^^^^^^^^
  File "C:\Users\DEPS\emsp1\.venv313\Lib\site-packages\django\db\utils.py", line 91, in __exit__
    raise dj_exc_value.with_traceback(traceback) from exc_value
  File "C:\Users\DEPS\emsp1\.venv313\Lib\site-packages\django\db\backends\base\base.py", line 288, in ensure_connection
    self.connect()
    ~~~~~~~~~~~~^^
  File "C:\Users\DEPS\emsp1\.venv313\Lib\site-packages\django\utils\asyncio.py", line 26, in inner
    return func(*args, **kwargs)
  File "C:\Users\DEPS\emsp1\.venv313\Lib\site-packages\django\db\backends\base\base.py", line 269, in connect
    self.connection = self.get_new_connection(conn_params)
                      ~~~~~~~~~~~~~~~~~~~~~~~^^^^^^^^^^^^^
  File "C:\Users\DEPS\emsp1\.venv313\Lib\site-packages\django\utils\asyncio.py", line 26, in inner
    return func(*args, **kwargs)
  File "C:\Users\DEPS\emsp1\.venv313\Lib\site-packages\django\db\backends\mysql\base.py", line 247, in get_new_connection
    connection = Database.connect(**conn_params)
  File "C:\Users\DEPS\emsp1\.venv313\Lib\site-packages\pymysql\connections.py", line 365, in __init__
    self.connect()
    ~~~~~~~~~~~~^^
  File "C:\Users\DEPS\emsp1\.venv313\Lib\site-packages\pymysql\connections.py", line 723, in connect
    raise exc
django.db.utils.OperationalError: (2003, "Can't connect to MySQL server on '127.0.0.1' ([WinError 10061] Aucune connexion n’a pu ętre établie car l’ordinateur cible l’a expressément refusée)")
